<?xml version="1.0" encoding="UTF-8"?>
<!-- Generated by org.testng.reporters.JUnitXMLReporter -->
<testsuite ignored="14" hostname="AbyaanShabeer" failures="0" tests="5" name="FirefoxTest" time="0.01" errors="0" timestamp="26 Jun 2021 07:15:24 GMT">
  <testcase classname="test.BaseSetup" name="@BeforeSuite browsersetup" time="0.0">
    <failure type="org.testng.TestNGException" message="
Parameter &amp;apos;browser&amp;apos; is required by BeforeSuite on method browsersetup but has not been marked @Optional or defined
in C:\Users\91773\eclipse-workspace\Buffalocart\crossbrowser.xml">
      <![CDATA[org.testng.TestNGException: 
Parameter 'browser' is required by BeforeSuite on method browsersetup but has not been marked @Optional or defined
in C:\Users\91773\eclipse-workspace\Buffalocart\crossbrowser.xml
... Removed 17 stack frames]]>
    </failure>
  </testcase> <!-- @BeforeSuite browsersetup -->
  <testcase classname="test.AppSetup" name="@BeforeTest appsetup" time="0.0">
    <skipped/>
  </testcase> <!-- @BeforeTest appsetup -->
  <testcase classname="test.LoginPageTestCase" name="@BeforeTest loginTest" time="0.0">
    <skipped/>
  </testcase> <!-- @BeforeTest loginTest -->
  <testcase classname="test.UserPageTestCase" name="deleteuser" time="0.0">
    <skipped/>
  </testcase> <!-- deleteuser -->
  <testcase classname="test.UserPageTestCase" name="userTest" time="0.0">
    <skipped/>
  </testcase> <!-- userTest -->
  <testcase classname="test.BugPageTestCase" name="createNewBug" time="0.0">
    <skipped/>
  </testcase> <!-- createNewBug -->
  <testcase classname="test.FileManagerTestCase" name="Filemanger" time="0.0">
    <skipped/>
  </testcase> <!-- Filemanger -->
  <testcase classname="test.ClientPageTestCase" name="clientsearch" time="0.0">
    <skipped/>
  </testcase> <!-- clientsearch -->
  <testcase classname="test.BaseSetup" name="@BeforeSuite browsersetup" time="0.0">
    <ignored/>
  </testcase> <!-- @BeforeSuite browsersetup -->
  <testcase classname="test.BaseSetup" name="@BeforeSuite browsersetup" time="0.0">
    <ignored/>
  </testcase> <!-- @BeforeSuite browsersetup -->
  <testcase classname="test.BaseSetup" name="@BeforeSuite browsersetup" time="0.0">
    <ignored/>
  </testcase> <!-- @BeforeSuite browsersetup -->
  <testcase classname="test.BaseSetup" name="@BeforeSuite browsersetup" time="0.0">
    <ignored/>
  </testcase> <!-- @BeforeSuite browsersetup -->
  <testcase classname="test.AppSetup" name="@BeforeTest appsetup" time="0.0">
    <ignored/>
  </testcase> <!-- @BeforeTest appsetup -->
  <testcase classname="test.AppSetup" name="@BeforeTest appsetup" time="0.0">
    <ignored/>
  </testcase> <!-- @BeforeTest appsetup -->
  <testcase classname="test.AppSetup" name="@BeforeTest appsetup" time="0.0">
    <ignored/>
  </testcase> <!-- @BeforeTest appsetup -->
  <testcase classname="test.BaseSetup" name="@AfterSuite quit" time="0.0">
    <ignored/>
  </testcase> <!-- @AfterSuite quit -->
  <testcase classname="test.BaseSetup" name="@AfterSuite quit" time="0.0">
    <ignored/>
  </testcase> <!-- @AfterSuite quit -->
  <testcase classname="test.BaseSetup" name="@AfterSuite quit" time="0.0">
    <ignored/>
  </testcase> <!-- @AfterSuite quit -->
  <testcase classname="test.BaseSetup" name="@AfterSuite quit" time="0.0">
    <ignored/>
  </testcase> <!-- @AfterSuite quit -->
  <testcase classname="test.LoginPageTestCase" name="@BeforeTest loginTest" time="0.0">
    <ignored/>
  </testcase> <!-- @BeforeTest loginTest -->
  <testcase classname="test.LoginPageTestCase" name="@BeforeTest loginTest" time="0.0">
    <ignored/>
  </testcase> <!-- @BeforeTest loginTest -->
  <testcase classname="test.LoginPageTestCase" name="@BeforeTest loginTest" time="0.0">
    <ignored/>
  </testcase> <!-- @BeforeTest loginTest -->
</testsuite> <!-- FirefoxTest -->
