<?xml version="1.0" encoding="UTF-8"?>
<!-- Generated by org.testng.reporters.JUnitXMLReporter -->
<testsuite ignored="12" hostname="AbyaanShabeer" failures="1" tests="5" name="Test" time="145.524" errors="0" timestamp="28 Jun 2021 19:34:51 GMT">
  <testcase classname="test.LoginPageTestCase" name="@BeforeTest loginTest" time="6.925">
    <failure type="java.lang.NullPointerException" message="Cannot invoke &amp;quot;org.openqa.selenium.SearchContext.findElement(org.openqa.selenium.By)&amp;quot; because &amp;quot;this.searchContext&amp;quot; is null">
      <![CDATA[java.lang.NullPointerException: Cannot invoke "org.openqa.selenium.SearchContext.findElement(org.openqa.selenium.By)" because "this.searchContext" is null
at org.openqa.selenium.support.pagefactory.DefaultElementLocator.findElement(DefaultElementLocator.java:69)
at org.openqa.selenium.support.pagefactory.internal.LocatingElementHandler.invoke(LocatingElementHandler.java:38)
at com.sun.proxy.$Proxy15.sendKeys(Unknown Source)
at pages.LoginPage.enterUsername(LoginPage.java:28)
at test.LoginPageTestCase.loginTest(LoginPageTestCase.java:21)
... Removed 24 stack frames]]>
    </failure>
  </testcase> <!-- @BeforeTest loginTest -->
  <testcase classname="test.BaseSetup" name="@AfterMethod tearDown" time="0.0">
    <skipped/>
  </testcase> <!-- @AfterMethod tearDown -->
  <testcase classname="test.BaseSetup" name="@AfterMethod tearDown" time="0.0">
    <skipped/>
  </testcase> <!-- @AfterMethod tearDown -->
  <testcase classname="test.BaseSetup" name="@AfterMethod tearDown" time="0.0">
    <skipped/>
  </testcase> <!-- @AfterMethod tearDown -->
  <testcase classname="test.BaseSetup" name="@AfterMethod tearDown" time="0.001">
    <failure type="java.lang.NullPointerException" message="Cannot invoke &amp;quot;org.openqa.selenium.TakesScreenshot.getScreenshotAs(org.openqa.selenium.OutputType)&amp;quot; because &amp;quot;takescreenshot&amp;quot; is null">
      <![CDATA[java.lang.NullPointerException: Cannot invoke "org.openqa.selenium.TakesScreenshot.getScreenshotAs(org.openqa.selenium.OutputType)" because "takescreenshot" is null
at test.BaseSetup.tearDown(BaseSetup.java:68)
... Removed 28 stack frames]]>
    </failure>
  </testcase> <!-- @AfterMethod tearDown -->
  <testcase classname="test.ClientPageTestCase" name="clientsearch" time="134.158"/>
  <testcase classname="test.UserPageTestCase" name="deleteuser" time="0.0">
    <skipped/>
  </testcase> <!-- deleteuser -->
  <testcase classname="test.UserPageTestCase" name="userTest" time="0.0">
    <skipped/>
  </testcase> <!-- userTest -->
  <testcase classname="test.BugPageTestCase" name="createNewBug" time="0.0">
    <skipped/>
  </testcase> <!-- createNewBug -->
  <testcase classname="test.FileManagerTestCase" name="Filemanger" time="0.003">
    <failure type="java.lang.NullPointerException" message="Cannot invoke &amp;quot;org.openqa.selenium.SearchContext.findElement(org.openqa.selenium.By)&amp;quot; because &amp;quot;this.searchContext&amp;quot; is null">
      <![CDATA[java.lang.NullPointerException: Cannot invoke "org.openqa.selenium.SearchContext.findElement(org.openqa.selenium.By)" because "this.searchContext" is null
at org.openqa.selenium.support.pagefactory.DefaultElementLocator.findElement(DefaultElementLocator.java:69)
at org.openqa.selenium.support.pagefactory.internal.LocatingElementHandler.invoke(LocatingElementHandler.java:38)
at com.sun.proxy.$Proxy15.sendKeys(Unknown Source)
at pages.HomePage.searchmenu(HomePage.java:56)
at test.FileManagerTestCase.Filemanger(FileManagerTestCase.java:19)
... Removed 25 stack frames]]>
    </failure>
  </testcase> <!-- Filemanger -->
  <testcase classname="test.BaseSetup" name="@BeforeSuite browsersetup" time="0.0">
    <ignored/>
  </testcase> <!-- @BeforeSuite browsersetup -->
  <testcase classname="test.BaseSetup" name="@BeforeSuite browsersetup" time="0.0">
    <ignored/>
  </testcase> <!-- @BeforeSuite browsersetup -->
  <testcase classname="test.BaseSetup" name="@BeforeSuite browsersetup" time="0.0">
    <ignored/>
  </testcase> <!-- @BeforeSuite browsersetup -->
  <testcase classname="test.BaseSetup" name="@BeforeSuite browsersetup" time="0.0">
    <ignored/>
  </testcase> <!-- @BeforeSuite browsersetup -->
  <testcase classname="test.AppSetup" name="@BeforeTest appsetup" time="0.0">
    <ignored/>
  </testcase> <!-- @BeforeTest appsetup -->
  <testcase classname="test.AppSetup" name="@BeforeTest appsetup" time="0.0">
    <ignored/>
  </testcase> <!-- @BeforeTest appsetup -->
  <testcase classname="test.AppSetup" name="@BeforeTest appsetup" time="0.0">
    <ignored/>
  </testcase> <!-- @BeforeTest appsetup -->
  <testcase classname="test.BaseSetup" name="@AfterSuite quit" time="0.0">
    <ignored/>
  </testcase> <!-- @AfterSuite quit -->
  <testcase classname="test.BaseSetup" name="@AfterSuite quit" time="0.0">
    <ignored/>
  </testcase> <!-- @AfterSuite quit -->
  <testcase classname="test.BaseSetup" name="@AfterSuite quit" time="0.0">
    <ignored/>
  </testcase> <!-- @AfterSuite quit -->
  <testcase classname="test.BaseSetup" name="@AfterSuite quit" time="0.0">
    <ignored/>
  </testcase> <!-- @AfterSuite quit -->
  <testcase classname="test.LoginPageTestCase" name="@BeforeTest loginTest" time="0.0">
    <ignored/>
  </testcase> <!-- @BeforeTest loginTest -->
</testsuite> <!-- Test -->
